2014-05-13 22:16:59,948 DEBUG [e cash purcharse] =============================reset===================================
2014-05-13 22:16:59,989 ERROR [e cash purcharse] 
java.lang.NullPointerException
	at com.gerenhua.tool.logic.apdu.CommonAPDU.close(CommonAPDU.java:555)
	at com.gerenhua.tool.logic.apdu.CommonAPDU.reset(CommonAPDU.java:125)
	at com.gerenhua.tool.logic.apdu.CommonAPDU.reset(CommonAPDU.java:114)
	at com.gerenhua.tool.logic.impl.ElectronicCashHandler.ECPurcharse(ElectronicCashHandler.java:363)
	at com.gerenhua.tool.logic.impl.TradeThread.run(TradeThread.java:89)
	at java.lang.Thread.run(Thread.java:619)
2014-05-13 22:17:00,619 DEBUG [E cash load] =============================reset===================================
2014-05-13 22:17:00,619 ERROR [E cash load] 
java.lang.NullPointerException
	at com.gerenhua.tool.logic.apdu.CommonAPDU.close(CommonAPDU.java:555)
	at com.gerenhua.tool.logic.apdu.CommonAPDU.reset(CommonAPDU.java:125)
	at com.gerenhua.tool.logic.apdu.CommonAPDU.reset(CommonAPDU.java:114)
	at com.gerenhua.tool.logic.impl.ElectronicCashHandler.ECLoad(ElectronicCashHandler.java:70)
	at com.gerenhua.tool.logic.impl.TradeThread.run(TradeThread.java:92)
	at java.lang.Thread.run(Thread.java:619)
2014-05-13 22:17:01,169 DEBUG [PBOC] =============================reset===================================
2014-05-13 22:17:01,169 ERROR [PBOC] 
java.lang.NullPointerException
	at com.gerenhua.tool.logic.apdu.CommonAPDU.close(CommonAPDU.java:555)
	at com.gerenhua.tool.logic.apdu.CommonAPDU.reset(CommonAPDU.java:125)
	at com.gerenhua.tool.logic.apdu.CommonAPDU.reset(CommonAPDU.java:114)
	at com.gerenhua.tool.logic.impl.PBOCHandler.doTrade(PBOCHandler.java:82)
	at com.gerenhua.tool.logic.impl.TradeThread.run(TradeThread.java:86)
	at java.lang.Thread.run(Thread.java:619)
2014-05-13 22:17:02,140 DEBUG [e cash purcharse] =============================reset===================================
2014-05-13 22:17:02,140 ERROR [e cash purcharse] 
java.lang.NullPointerException
	at com.gerenhua.tool.logic.apdu.CommonAPDU.close(CommonAPDU.java:555)
	at com.gerenhua.tool.logic.apdu.CommonAPDU.reset(CommonAPDU.java:125)
	at com.gerenhua.tool.logic.apdu.CommonAPDU.reset(CommonAPDU.java:114)
	at com.gerenhua.tool.logic.impl.ElectronicCashHandler.ECPurcharse(ElectronicCashHandler.java:363)
	at com.gerenhua.tool.logic.impl.TradeThread.run(TradeThread.java:89)
	at java.lang.Thread.run(Thread.java:619)
2014-05-13 22:17:02,650 DEBUG [QPBOC] ===============================reset=====================================
2014-05-13 22:17:02,650 ERROR [QPBOC] 
java.lang.NullPointerException
	at com.gerenhua.tool.logic.apdu.CommonAPDU.close(CommonAPDU.java:555)
	at com.gerenhua.tool.logic.apdu.CommonAPDU.reset(CommonAPDU.java:125)
	at com.gerenhua.tool.logic.apdu.CommonAPDU.reset(CommonAPDU.java:114)
	at com.gerenhua.tool.logic.impl.QPBOCHandler.trade(QPBOCHandler.java:63)
	at com.gerenhua.tool.logic.impl.TradeThread.run(TradeThread.java:78)
	at java.lang.Thread.run(Thread.java:619)
2014-05-13 22:17:05,441 DEBUG  =============================reset===================================
